2025-01-28 23:42:03,174 - INFO - Starting candlestick analysis system
2025-01-28 23:42:03,176 - ERROR - Main loop error: unsupported operand type(s) for -: 'float' and 'NoneType'
Traceback (most recent call last):
  File "C:\Users\TOSHIBA\PycharmProjects\CEBEXbot\bot\candlestick_signal.py", line 219, in main_loop
    signal = generate_trading_signal()
  File "C:\Users\TOSHIBA\PycharmProjects\CEBEXbot\bot\candlestick_signal.py", line 185, in generate_trading_signal
    if time.time() - last_signal_time < signal_duration:
       ~~~~~~~~~~~~^~~~~~~~~~~~~~~~~~
TypeError: unsupported operand type(s) for -: 'float' and 'NoneType'
2025-01-28 23:42:04,735 - INFO - Websocket connected
2025-01-28 23:42:04,735 - INFO - WebSocket connection established
2025-01-28 23:42:05,083 - DEBUG - Raw message: {'topic': 'kline.5.BTCUSDT', 'data': [{'start': 1738104000000, 'end': 1738104299999, 'interval': '5', 'open': '100861.9', 'close': '100906.3', 'high': '100980.6', 'low': '100845.5', 'volume': '116.973', 'turnover': '11803849.3901', 'confirm': False, 'timestamp': 1738104124559}], 'ts': 1738104124559, 'type': 'snapshot'}
2025-01-28 23:42:05,083 - DEBUG - Buffer size: 1
2025-01-28 23:42:05,301 - DEBUG - Raw message: {'success': True, 'ret_msg': '', 'conn_id': '4621a95a-fe49-42cb-be6a-f61c15aaa15a', 'req_id': '', 'op': 'subscribe'}
2025-01-28 23:42:05,301 - INFO - Subscribed to None
2025-01-28 23:42:07,620 - DEBUG - Raw message: {'topic': 'kline.5.BTCUSDT', 'data': [{'start': 1738104000000, 'end': 1738104299999, 'interval': '5', 'open': '100861.9', 'close': '100915.4', 'high': '100980.6', 'low': '100845.5', 'volume': '117.195', 'turnover': '11826250.6324', 'confirm': False, 'timestamp': 1738104127559}], 'ts': 1738104127559, 'type': 'snapshot'}
2025-01-28 23:42:07,620 - DEBUG - Buffer size: 2
2025-01-28 23:42:08,613 - DEBUG - Raw message: {'topic': 'kline.5.BTCUSDT', 'data': [{'start': 1738104000000, 'end': 1738104299999, 'interval': '5', 'open': '100861.9', 'close': '100915.4', 'high': '100980.6', 'low': '100845.5', 'volume': '117.231', 'turnover': '11829883.5867', 'confirm': False, 'timestamp': 1738104128560}], 'ts': 1738104128560, 'type': 'snapshot'}
2025-01-28 23:42:08,613 - DEBUG - Buffer size: 3
2025-01-28 23:42:10,584 - DEBUG - Raw message: {'topic': 'kline.5.BTCUSDT', 'data': [{'start': 1738104000000, 'end': 1738104299999, 'interval': '5', 'open': '100861.9', 'close': '100915.6', 'high': '100980.6', 'low': '100845.5', 'volume': '117.237', 'turnover': '11830489.0803', 'confirm': False, 'timestamp': 1738104130559}], 'ts': 1738104130559, 'type': 'snapshot'}
2025-01-28 23:42:10,585 - DEBUG - Buffer size: 4
2025-01-28 23:42:11,586 - DEBUG - Raw message: {'topic': 'kline.5.BTCUSDT', 'data': [{'start': 1738104000000, 'end': 1738104299999, 'interval': '5', 'open': '100861.9', 'close': '100921.5', 'high': '100980.6', 'low': '100845.5', 'volume': '117.732', 'turnover': '11880442.8151', 'confirm': False, 'timestamp': 1738104131560}], 'ts': 1738104131560, 'type': 'snapshot'}
2025-01-28 23:42:11,586 - DEBUG - Buffer size: 5
2025-01-28 23:42:12,733 - DEBUG - Raw message: {'topic': 'kline.5.BTCUSDT', 'data': [{'start': 1738104000000, 'end': 1738104299999, 'interval': '5', 'open': '100861.9', 'close': '100923.9', 'high': '100980.6', 'low': '100845.5', 'volume': '118.183', 'turnover': '11925958.6651', 'confirm': False, 'timestamp': 1738104132560}], 'ts': 1738104132560, 'type': 'snapshot'}
2025-01-28 23:42:12,733 - DEBUG - Buffer size: 6
2025-01-28 23:42:13,179 - ERROR - Main loop error: unsupported operand type(s) for -: 'float' and 'NoneType'
Traceback (most recent call last):
  File "C:\Users\TOSHIBA\PycharmProjects\CEBEXbot\bot\candlestick_signal.py", line 219, in main_loop
    signal = generate_trading_signal()
  File "C:\Users\TOSHIBA\PycharmProjects\CEBEXbot\bot\candlestick_signal.py", line 185, in generate_trading_signal
    if time.time() - last_signal_time < signal_duration:
       ~~~~~~~~~~~~^~~~~~~~~~~~~~~~~~
TypeError: unsupported operand type(s) for -: 'float' and 'NoneType'
2025-01-28 23:42:13,614 - DEBUG - Raw message: {'topic': 'kline.5.BTCUSDT', 'data': [{'start': 1738104000000, 'end': 1738104299999, 'interval': '5', 'open': '100861.9', 'close': '100935.7', 'high': '100980.6', 'low': '100845.5', 'volume': '119.269', 'turnover': '12035569.0808', 'confirm': False, 'timestamp': 1738104133560}], 'ts': 1738104133560, 'type': 'snapshot'}
2025-01-28 23:42:13,614 - DEBUG - Buffer size: 7
2025-01-28 23:42:14,654 - DEBUG - Raw message: {'topic': 'kline.5.BTCUSDT', 'data': [{'start': 1738104000000, 'end': 1738104299999, 'interval': '5', 'open': '100861.9', 'close': '100945.8', 'high': '100980.6', 'low': '100845.5', 'volume': '119.622', 'turnover': '12071201.5886', 'confirm': False, 'timestamp': 1738104134560}], 'ts': 1738104134560, 'type': 'snapshot'}
2025-01-28 23:42:14,654 - DEBUG - Buffer size: 8
2025-01-28 23:42:15,594 - DEBUG - Raw message: {'topic': 'kline.5.BTCUSDT', 'data': [{'start': 1738104000000, 'end': 1738104299999, 'interval': '5', 'open': '100861.9', 'close': '100945.5', 'high': '100980.6', 'low': '100845.5', 'volume': '119.7', 'turnover': '12079075.3376', 'confirm': False, 'timestamp': 1738104135560}], 'ts': 1738104135560, 'type': 'snapshot'}
2025-01-28 23:42:15,595 - DEBUG - Buffer size: 9
2025-01-28 23:42:16,586 - DEBUG - Raw message: {'topic': 'kline.5.BTCUSDT', 'data': [{'start': 1738104000000, 'end': 1738104299999, 'interval': '5', 'open': '100861.9', 'close': '100945.5', 'high': '100980.6', 'low': '100845.5', 'volume': '119.907', 'turnover': '12099971.0542', 'confirm': False, 'timestamp': 1738104136559}], 'ts': 1738104136559, 'type': 'snapshot'}
2025-01-28 23:42:16,586 - DEBUG - Buffer size: 10
2025-01-28 23:42:17,853 - DEBUG - Raw message: {'topic': 'kline.5.BTCUSDT', 'data': [{'start': 1738104000000, 'end': 1738104299999, 'interval': '5', 'open': '100861.9', 'close': '100946.9', 'high': '100980.6', 'low': '100845.5', 'volume': '120.057', 'turnover': '12115112.9', 'confirm': False, 'timestamp': 1738104137559}], 'ts': 1738104137559, 'type': 'snapshot'}
2025-01-28 23:42:17,853 - DEBUG - Buffer size: 11
2025-01-28 23:42:18,596 - DEBUG - Raw message: {'topic': 'kline.5.BTCUSDT', 'data': [{'start': 1738104000000, 'end': 1738104299999, 'interval': '5', 'open': '100861.9', 'close': '100950', 'high': '100980.6', 'low': '100845.5', 'volume': '120.131', 'turnover': '12122583.0428', 'confirm': False, 'timestamp': 1738104138559}], 'ts': 1738104138559, 'type': 'snapshot'}
2025-01-28 23:42:18,596 - DEBUG - Buffer size: 12
2025-01-28 23:42:19,595 - DEBUG - Raw message: {'topic': 'kline.5.BTCUSDT', 'data': [{'start': 1738104000000, 'end': 1738104299999, 'interval': '5', 'open': '100861.9', 'close': '100950', 'high': '100980.6', 'low': '100845.5', 'volume': '120.171', 'turnover': '12126621.0393', 'confirm': False, 'timestamp': 1738104139560}], 'ts': 1738104139560, 'type': 'snapshot'}
2025-01-28 23:42:19,595 - DEBUG - Buffer size: 13
2025-01-28 23:42:20,586 - DEBUG - Raw message: {'topic': 'kline.5.BTCUSDT', 'data': [{'start': 1738104000000, 'end': 1738104299999, 'interval': '5', 'open': '100861.9', 'close': '100950', 'high': '100980.6', 'low': '100845.5', 'volume': '120.185', 'turnover': '12128034.3391', 'confirm': False, 'timestamp': 1738104140560}], 'ts': 1738104140560, 'type': 'snapshot'}
2025-01-28 23:42:20,586 - DEBUG - Buffer size: 14
2025-01-28 23:42:21,634 - DEBUG - Raw message: {'topic': 'kline.5.BTCUSDT', 'data': [{'start': 1738104000000, 'end': 1738104299999, 'interval': '5', 'open': '100861.9', 'close': '100950', 'high': '100980.6', 'low': '100845.5', 'volume': '120.401', 'turnover': '12149839.539', 'confirm': False, 'timestamp': 1738104141560}], 'ts': 1738104141560, 'type': 'snapshot'}
2025-01-28 23:42:21,635 - DEBUG - Buffer size: 15
