2025-01-29 12:58:35,308 - INFO - Using data file: data/raw\historical_data_BTCUSDT_5m_20250117_130503.csv
2025-01-29 12:58:35,335 - INFO - Missing values forward-filled.
2025-01-29 12:58:35,344 - INFO - Feature engineering applied: SMA, RSI, ATR, Bollinger Bands.
2025-01-29 12:58:35,359 - INFO - Data split into training and test sets (80/20).
2025-01-29 13:02:46,667 - INFO - Best RandomForest model found with parameters: {'bootstrap': True, 'max_depth': 10, 'min_samples_leaf': 2, 'min_samples_split': 10, 'n_estimators': 150}
2025-01-29 13:02:54,310 - INFO - Cross-validation accuracy: 53.00%
2025-01-29 13:02:54,334 - INFO - Test Accuracy: 48.50%
2025-01-29 13:02:54,447 - INFO - Model trained and saved as 'models\random_forest_model.joblib'.
2025-01-29 13:02:54,448 - INFO - Scaler saved as 'models\scaler.joblib'.
2025-01-29 13:06:16,207 - INFO - Using data file: data/raw\historical_data_BTCUSDT_5m_20250117_130503.csv
2025-01-29 13:06:16,233 - INFO - Missing values forward-filled.
2025-01-29 13:06:16,242 - INFO - Feature engineering applied: SMA, RSI, ATR, Bollinger Bands.
2025-01-29 13:06:16,258 - INFO - Data split into training and test sets (80/20).
2025-01-29 13:10:24,622 - INFO - Best RandomForest model found with parameters: {'bootstrap': True, 'max_depth': 10, 'min_samples_leaf': 2, 'min_samples_split': 10, 'n_estimators': 150}
2025-01-29 13:10:29,793 - INFO - Cross-validation accuracy: 53.00%
2025-01-29 13:10:29,818 - INFO - Test Accuracy: 48.50%
2025-01-29 13:10:29,943 - INFO - Model trained and saved as 'models\random_forest_model_v1.joblib'.
2025-01-29 13:10:29,943 - INFO - Scaler saved as 'models\scaler_v1.joblib'.
2025-01-30 03:09:12,107 - INFO - Using data file: data/raw\historical_data_BTCUSDT_5m_20250117_130503.csv
2025-01-30 03:09:12,131 - INFO - Missing values forward-filled.
2025-01-30 03:09:12,139 - INFO - Feature engineering applied: SMA, RSI, ATR, Bollinger Bands.
2025-01-30 03:09:12,155 - INFO - Data split into training and test sets (80/20).
2025-01-30 03:13:26,239 - INFO - Best RandomForest model found with parameters: {'bootstrap': True, 'max_depth': 10, 'min_samples_leaf': 2, 'min_samples_split': 10, 'n_estimators': 150}
2025-01-30 03:13:36,162 - INFO - Cross-validation accuracy: 53.00%
2025-01-30 03:13:36,253 - INFO - Test Accuracy: 48.50%
2025-01-30 03:13:36,585 - INFO - Model trained and saved as 'models\random_forest_model_v1.joblib'.
2025-01-30 03:13:36,585 - INFO - Scaler saved as 'models\scaler_v1.joblib'.
2025-01-30 11:36:44,778 - INFO - Using data file: data/raw\historical_data_TRXUSDT_5m_20250130_113025.csv
2025-01-30 11:36:44,789 - INFO - Missing values forward-filled.
2025-01-30 11:36:44,791 - INFO - Feature engineering applied: SMA, RSI, ATR, Bollinger Bands.
2025-01-30 11:36:44,796 - INFO - Data split into training and test sets (80/20).
2025-01-30 11:40:16,517 - INFO - Best RandomForest model found with parameters: {'bootstrap': True, 'max_depth': 5, 'min_samples_leaf': 2, 'min_samples_split': 10, 'n_estimators': 50}
2025-01-30 11:40:18,583 - INFO - Cross-validation accuracy: 46.25%
2025-01-30 11:40:18,594 - INFO - Test Accuracy: 47.00%
2025-01-30 11:40:18,650 - INFO - Model trained and saved as 'models\random_forest_model_v2.joblib'.
2025-01-30 11:40:18,650 - INFO - Scaler saved as 'models\scaler_v2.joblib'.
2025-01-30 11:51:18,437 - INFO - Using data file: data/raw\historical_data_TRXUSDT_5m_20250130_113025.csv
2025-01-30 11:51:18,446 - INFO - Missing values forward-filled.
2025-01-30 11:51:18,448 - INFO - Feature engineering applied: SMA, RSI, ATR, Bollinger Bands.
2025-01-30 11:51:18,454 - INFO - Data split into training and test sets (80/20).
2025-01-30 11:55:00,111 - INFO - Best RandomForest model found with parameters: {'bootstrap': True, 'max_depth': 5, 'min_samples_leaf': 2, 'min_samples_split': 10, 'n_estimators': 50}
2025-01-30 11:55:03,218 - INFO - Cross-validation accuracy: 46.25%
2025-01-30 11:55:03,239 - INFO - Test Accuracy: 47.00%
2025-01-30 11:55:03,348 - INFO - Model trained and saved as 'models\random_forest_model_v3.joblib'.
2025-01-30 11:55:03,349 - INFO - Scaler saved as 'models\scaler_v3.joblib'.
2025-01-30 12:00:42,107 - INFO - Using data file: data/raw\historical_data_TRXUSDT_5m_20250130_113025.csv
2025-01-30 12:00:42,122 - INFO - Missing values forward-filled.
2025-01-30 12:00:42,124 - INFO - Feature engineering applied: SMA, RSI, ATR, Bollinger Bands.
2025-01-30 12:00:42,132 - INFO - Data split into training and test sets (80/20).
2025-01-30 12:03:59,427 - INFO - Best RandomForest model found with parameters: {'bootstrap': True, 'max_depth': 5, 'min_samples_leaf': 2, 'min_samples_split': 10, 'n_estimators': 50}
2025-01-30 12:04:00,572 - INFO - Cross-validation accuracy: 46.25%
2025-01-30 12:04:00,581 - INFO - Test Accuracy: 47.00%
2025-01-30 12:04:00,621 - INFO - Model trained and saved as 'models\random_forest_model_v1.joblib'.
2025-01-30 12:04:00,621 - INFO - Scaler saved as 'models\scaler_v1.joblib'.
2025-01-30 18:25:38,283 - INFO - Using data file: data/raw\historical_data_TRXUSDT_5m_20250130_113025.csv
2025-01-30 18:25:38,298 - INFO - Missing values forward-filled.
2025-01-30 18:25:38,304 - INFO - Feature engineering applied: SMA, RSI, ATR, Bollinger Bands, MACD.
2025-01-30 18:25:38,313 - INFO - Data split into training and test sets (80/20).
2025-01-30 18:26:43,822 - INFO - Using data file: data/raw\historical_data_TRXUSDT_5m_20250130_113025.csv
2025-01-30 18:26:43,834 - INFO - Missing values forward-filled.
2025-01-30 18:26:43,838 - INFO - Feature engineering applied: SMA, RSI, ATR, Bollinger Bands, MACD.
2025-01-30 18:26:43,845 - INFO - Data split into training and test sets (80/20).
2025-01-30 18:30:01,554 - INFO - Best RandomForest model found with parameters: {'bootstrap': True, 'max_depth': None, 'min_samples_leaf': 1, 'min_samples_split': 2, 'n_estimators': 50}
2025-01-30 18:30:04,011 - INFO - Cross-validation accuracy: 46.38%
2025-01-30 18:30:04,025 - INFO - Test Accuracy: 39.50%
2025-01-30 18:30:04,076 - INFO - Model trained and saved as 'models\random_forest_model_v1.joblib'.
2025-01-30 18:30:04,076 - INFO - Scaler saved as 'models\scaler_v1.joblib'.
2025-01-30 19:39:34,305 - INFO - Using data file: data/raw\historical_data_TRXUSDT_5m_20250130_113025.csv
2025-01-30 19:39:34,319 - INFO - Missing values forward-filled.
2025-01-30 19:39:34,322 - INFO - Feature engineering applied: SMA, RSI, ATR, Bollinger Bands, MACD.
2025-01-30 19:39:34,332 - INFO - Data split into training and test sets (80/20).
2025-01-30 19:43:07,866 - INFO - Best RandomForest model found with parameters: {'bootstrap': True, 'max_depth': None, 'min_samples_leaf': 1, 'min_samples_split': 2, 'n_estimators': 50}
2025-01-30 19:43:10,650 - INFO - Cross-validation accuracy: 46.38%
2025-01-30 19:43:10,663 - INFO - Test Accuracy: 39.50%
2025-01-30 19:43:10,729 - INFO - Model trained and saved as 'models\random_forest_model_v2.joblib'.
2025-01-30 19:43:10,729 - INFO - Scaler saved as 'models\scaler_v2.joblib'.
2025-01-30 19:44:23,879 - INFO - Using data file: data/raw\historical_data_TRXUSDT_5m_20250130_113025.csv
2025-01-30 19:44:23,896 - INFO - Missing values forward-filled.
2025-01-30 19:44:23,899 - INFO - Feature engineering applied: SMA, RSI, ATR, Bollinger Bands.
2025-01-30 19:49:48,895 - INFO - Using data file: data/raw\historical_data_TRXUSDT_5m_20250130_113025.csv
2025-01-30 19:49:48,907 - INFO - Missing values forward-filled.
2025-01-30 19:49:48,911 - INFO - Feature engineering applied: SMA, RSI, ATR, Bollinger Bands, MACD.
2025-01-30 19:49:48,919 - INFO - Data split into training and test sets (80/20).
2025-01-30 19:53:22,474 - INFO - Best RandomForest model found with parameters: {'bootstrap': True, 'max_depth': None, 'min_samples_leaf': 1, 'min_samples_split': 2, 'n_estimators': 50}
2025-01-30 19:53:25,543 - INFO - Cross-validation accuracy: 46.38%
2025-01-30 19:53:25,560 - INFO - Test Accuracy: 39.50%
2025-01-30 19:53:25,647 - INFO - Model trained and saved as 'models\random_forest_model_v1.joblib'.
2025-01-30 19:53:25,647 - INFO - Scaler saved as 'models\scaler_v1.joblib'.
2025-01-30 23:47:27,196 - INFO - Using data file: data/raw\historical_data_TRXUSDT_5m_20250130_113025.csv
2025-01-30 23:47:27,230 - INFO - Missing values forward-filled.
2025-01-30 23:47:27,244 - INFO - Feature engineering applied: SMA, RSI, ATR, Bollinger Bands, MACD.
2025-01-30 23:47:27,263 - INFO - Data split into training and test sets (80/20).
2025-01-30 23:50:40,856 - INFO - Best RandomForest model found with parameters: {'bootstrap': True, 'max_depth': None, 'min_samples_leaf': 1, 'min_samples_split': 2, 'n_estimators': 50}
2025-01-30 23:50:44,453 - INFO - Cross-validation accuracy: 46.38%
2025-01-30 23:50:44,471 - INFO - Test Accuracy: 39.50%
2025-01-30 23:50:44,546 - INFO - Model trained and saved as 'models\random_forest_model_v1.joblib'.
2025-01-30 23:50:44,547 - INFO - Scaler saved as 'models\scaler_v1.joblib'.
2025-01-31 00:24:22,209 - INFO - Using data file: data/raw\historical_data_TRXUSDT_5m_20250130_113025.csv
2025-01-31 00:24:22,232 - INFO - Missing values forward-filled.
2025-01-31 00:24:22,243 - INFO - Feature engineering applied: SMA, RSI, ATR, Bollinger Bands, MACD.
2025-01-31 00:24:22,257 - INFO - Data split into training and test sets (80/20).
2025-01-31 00:27:48,560 - INFO - Best RandomForest model found with parameters: {'bootstrap': True, 'max_depth': None, 'min_samples_leaf': 1, 'min_samples_split': 2, 'n_estimators': 50}
2025-01-31 00:27:52,074 - INFO - Cross-validation accuracy: 46.38%
2025-01-31 00:27:52,101 - INFO - Test Accuracy: 39.50%
2025-01-31 00:27:52,216 - INFO - Model trained and saved as 'models\random_forest_model_v1.joblib'.
2025-01-31 00:27:52,216 - INFO - Scaler saved as 'models\scaler_v1.joblib'.
2025-01-31 00:42:14,281 - INFO - Using data file: data/raw\historical_data_TRXUSDT_5m_20250130_113025.csv
2025-01-31 00:45:29,839 - INFO - Best model parameters: {'bootstrap': True, 'max_depth': None, 'min_samples_leaf': 1, 'min_samples_split': 2, 'n_estimators': 50}
2025-01-31 00:45:29,863 - INFO - Test Accuracy: 39.50%
2025-01-31 00:45:29,939 - INFO - Model saved: models\random_forest_model_v1.joblib
2025-01-31 00:45:29,939 - INFO - Scaler saved: models\scaler_v1.joblib
2025-01-31 00:46:11,911 - INFO - Using data file: data/raw\historical_data_TRXUSDT_5m_20250130_113025.csv
2025-01-31 00:46:11,926 - INFO - Missing values forward-filled.
2025-01-31 00:46:11,929 - INFO - Feature engineering applied: SMA, RSI, ATR, Bollinger Bands, MACD.
2025-01-31 00:46:11,938 - INFO - Data split into training and test sets (80/20).
2025-01-31 00:49:32,282 - INFO - Best RandomForest model found with parameters: {'bootstrap': True, 'max_depth': None, 'min_samples_leaf': 1, 'min_samples_split': 2, 'n_estimators': 50}
2025-01-31 00:49:33,926 - INFO - Cross-validation accuracy: 46.38%
2025-01-31 00:49:33,934 - INFO - Test Accuracy: 39.50%
2025-01-31 00:49:33,973 - INFO - Model trained and saved as 'models\random_forest_model_v1.joblib'.
2025-01-31 00:49:33,973 - INFO - Scaler saved as 'models\scaler_v1.joblib'.
2025-02-01 18:50:19,334 - INFO - Using data file: data/raw\historical_data_TRXUSDT_5m_20250130_113025.csv
2025-02-01 18:50:19,359 - INFO - Missing values forward-filled.
2025-02-01 18:50:19,374 - INFO - Feature engineering applied successfully.
2025-02-01 18:50:19,391 - INFO - Data split into training (80%) and testing (20%) sets.
2025-02-01 18:50:19,396 - INFO - Scaler trained on 13 features.
2025-02-01 18:53:34,382 - INFO - Best RandomForest model found with parameters: {'bootstrap': True, 'max_depth': None, 'min_samples_leaf': 1, 'min_samples_split': 2, 'n_estimators': 50}
2025-02-01 18:53:37,343 - INFO - Cross-validation accuracy: 46.38%
2025-02-01 18:53:37,371 - INFO - Test Accuracy: 39.50%
2025-02-01 18:53:37,468 - INFO - Model saved as: models/random_forest_model_v1.joblib
2025-02-01 18:53:37,469 - INFO - Scaler saved as: models/scaler_v1.joblib
2025-02-01 19:31:52,867 - INFO - Using data file: data/raw\historical_data_TRXUSDT_5m_20250130_113025.csv
2025-02-01 19:31:52,925 - INFO - Missing values handled successfully.
2025-02-01 19:31:52,935 - INFO - Feature engineering applied successfully.
2025-02-01 19:31:52,946 - INFO - Data split into training (80%) and testing (20%) sets.
2025-02-01 19:33:20,613 - INFO - Best RandomForest parameters: OrderedDict({'bootstrap': True, 'max_depth': 19, 'min_samples_leaf': 2, 'min_samples_split': 3, 'n_estimators': 121})
2025-02-01 19:49:44,012 - INFO - Using data file: data/raw\historical_data_TRXUSDT_5m_20250130_113025.csv
2025-02-01 19:49:44,033 - INFO - Missing values handled successfully.
2025-02-01 19:49:44,038 - INFO - Feature engineering applied successfully.
2025-02-01 19:49:44,045 - INFO - Data split into training (80%) and testing (20%) sets.
2025-02-01 19:51:43,549 - INFO - Best RandomForest parameters: OrderedDict({'bootstrap': True, 'max_depth': 19, 'min_samples_leaf': 5, 'min_samples_split': 10, 'n_estimators': 52})
2025-02-01 19:56:02,667 - INFO - Using data file: data/raw\historical_data_TRXUSDT_5m_20250130_113025.csv
2025-02-01 19:56:02,686 - INFO - Missing values handled successfully.
2025-02-01 19:56:02,691 - INFO - Feature engineering applied successfully.
2025-02-01 19:56:02,698 - INFO - Data split into training (80%) and testing (20%) sets.
2025-02-01 19:57:30,879 - INFO - Best RandomForest parameters: OrderedDict({'bootstrap': True, 'max_depth': 17, 'min_samples_leaf': 5, 'min_samples_split': 3, 'n_estimators': 51})
2025-02-01 20:05:20,739 - INFO - Using data file: data/raw\historical_data_TRXUSDT_5m_20250130_113025.csv
2025-02-01 20:05:20,756 - INFO - Missing values handled successfully.
2025-02-01 20:05:20,761 - INFO - Feature engineering applied successfully.
2025-02-01 20:05:20,770 - INFO - Data split into training (80%) and testing (20%) sets.
2025-02-01 20:06:45,030 - INFO - Best RandomForest parameters: OrderedDict({'bootstrap': True, 'max_depth': 20, 'min_samples_leaf': 2, 'min_samples_split': 2, 'n_estimators': 70})
2025-02-01 20:11:32,427 - INFO - Using data file: data/raw\historical_data_TRXUSDT_5m_20250130_113025.csv
2025-02-01 20:11:32,446 - INFO - Missing values handled successfully.
2025-02-01 20:11:32,452 - INFO - Feature engineering applied successfully.
2025-02-01 20:11:32,458 - INFO - Data split into training (80%) and testing (20%) sets.
2025-02-01 20:13:03,837 - INFO - Best RandomForest parameters: OrderedDict({'bootstrap': True, 'max_depth': 16, 'min_samples_leaf': 1, 'min_samples_split': 2, 'n_estimators': 50})
2025-02-01 20:17:08,816 - INFO - Using data file: data/raw\historical_data_TRXUSDT_5m_20250130_113025.csv
2025-02-01 20:17:08,835 - INFO - Missing values handled successfully.
2025-02-01 20:17:08,841 - INFO - Feature engineering applied successfully.
2025-02-01 20:17:08,848 - INFO - Data split into training (80%) and testing (20%) sets.
2025-02-01 20:18:39,402 - INFO - Best RandomForest parameters: OrderedDict({'bootstrap': True, 'max_depth': 15, 'min_samples_leaf': 2, 'min_samples_split': 2, 'n_estimators': 200})
2025-02-01 20:18:53,071 - INFO - Using data file: data/raw\historical_data_TRXUSDT_5m_20250130_113025.csv
2025-02-01 20:18:53,092 - INFO - Missing values handled successfully.
2025-02-01 20:18:53,097 - INFO - Feature engineering applied successfully.
2025-02-01 20:18:53,103 - INFO - Data split into training (80%) and testing (20%) sets.
2025-02-01 20:20:37,444 - INFO - Best RandomForest parameters: OrderedDict({'bootstrap': True, 'max_depth': 19, 'min_samples_leaf': 2, 'min_samples_split': 4, 'n_estimators': 171})
2025-02-01 20:20:38,872 - INFO - Test Accuracy: 48.50%
2025-02-01 20:20:38,876 - INFO - Confusion Matrix:
[[34 56]
 [47 63]]
2025-02-01 20:20:38,889 - INFO - Classification Report:
              precision    recall  f1-score   support

           0       0.42      0.38      0.40        90
           1       0.53      0.57      0.55       110

    accuracy                           0.48       200
   macro avg       0.47      0.48      0.47       200
weighted avg       0.48      0.48      0.48       200

2025-02-01 20:20:39,163 - INFO - Ensemble model and scaler saved successfully.
2025-02-01 20:32:46,249 - INFO - Using data file: data/raw\historical_data_TRXUSDT_5m_20250130_113025.csv
2025-02-01 20:32:46,273 - INFO - Missing values handled successfully.
2025-02-01 20:32:46,280 - INFO - Feature engineering applied successfully.
2025-02-01 20:32:46,288 - INFO - Data split into training (80%) and testing (20%) sets.
2025-02-01 20:33:29,669 - INFO - Using data file: data/raw\historical_data_TRXUSDT_5m_20250130_113025.csv
2025-02-01 20:33:29,689 - INFO - Missing values handled successfully.
2025-02-01 20:33:29,694 - INFO - Feature engineering applied successfully.
2025-02-01 20:33:29,701 - INFO - Data split into training (80%) and testing (20%) sets.
2025-02-01 20:34:52,994 - INFO - Best RandomForest parameters: OrderedDict({'bootstrap': True, 'max_depth': 19, 'min_samples_leaf': 5, 'min_samples_split': 4, 'n_estimators': 50})
2025-02-01 20:35:19,047 - INFO - Using data file: data/raw\historical_data_TRXUSDT_5m_20250130_113025.csv
2025-02-01 20:35:19,064 - INFO - Missing values handled successfully.
2025-02-01 20:35:19,070 - INFO - Feature engineering applied successfully.
2025-02-01 20:35:19,077 - INFO - Data split into training (80%) and testing (20%) sets.
2025-02-01 20:36:55,167 - INFO - Best RandomForest parameters: OrderedDict({'bootstrap': True, 'max_depth': 20, 'min_samples_leaf': 2, 'min_samples_split': 2, 'n_estimators': 128})
2025-02-01 20:36:56,987 - INFO - Test Accuracy: 49.00%
2025-02-01 20:36:56,993 - INFO - Confusion Matrix:
[[39 51]
 [51 59]]
2025-02-01 20:36:57,027 - INFO - Classification Report:
              precision    recall  f1-score   support

           0       0.43      0.43      0.43        90
           1       0.54      0.54      0.54       110

    accuracy                           0.49       200
   macro avg       0.48      0.48      0.48       200
weighted avg       0.49      0.49      0.49       200

2025-02-01 20:36:57,355 - INFO - Ensemble model and scaler saved successfully.
2025-02-01 21:06:22,580 - INFO - Using data file: data/raw\historical_data_TRXUSDT_5m_20250130_113025.csv
2025-02-01 21:06:22,601 - INFO - Missing values handled successfully.
2025-02-01 21:06:22,607 - INFO - Feature engineering applied successfully.
2025-02-01 21:06:22,614 - INFO - Data split into training (80%) and testing (20%) sets.
2025-02-01 21:17:48,478 - INFO - Using data file: data/raw\historical_data_TRXUSDT_5m_20250130_113025.csv
2025-02-01 21:17:48,518 - INFO - Missing values handled successfully.
2025-02-01 21:17:48,528 - INFO - Feature engineering applied successfully.
2025-02-01 21:17:48,541 - INFO - Data split into training (80%) and testing (20%) sets.
2025-02-01 21:39:09,898 - INFO - Using processed data file: data/processed/processed_data.csv
2025-02-01 21:39:09,944 - INFO - Missing values handled successfully.
2025-02-01 21:39:09,950 - INFO - Feature engineering applied successfully.
2025-02-01 21:39:09,959 - INFO - Data split into training (80%) and testing (20%) sets.
2025-02-01 21:40:34,167 - INFO - Best RandomForest parameters: OrderedDict({'bootstrap': True, 'max_depth': 15, 'min_samples_leaf': 3, 'min_samples_split': 3, 'n_estimators': 60})
2025-02-01 21:40:58,535 - INFO - Using processed data file: data/processed/processed_data.csv
2025-02-01 21:40:58,556 - INFO - Missing values handled successfully.
2025-02-01 21:40:58,561 - INFO - Feature engineering applied successfully.
2025-02-01 21:40:58,567 - INFO - Data split into training (80%) and testing (20%) sets.
2025-02-01 21:42:27,596 - INFO - Best RandomForest parameters: OrderedDict({'bootstrap': True, 'max_depth': 19, 'min_samples_leaf': 4, 'min_samples_split': 10, 'n_estimators': 143})
2025-02-01 21:42:29,163 - INFO - Test Accuracy: 49.21%
2025-02-01 21:42:29,168 - INFO - Confusion Matrix:
[[46 39]
 [58 48]]
2025-02-01 21:42:29,196 - INFO - Classification Report:
              precision    recall  f1-score   support

           0       0.44      0.54      0.49        85
           1       0.55      0.45      0.50       106

    accuracy                           0.49       191
   macro avg       0.50      0.50      0.49       191
weighted avg       0.50      0.49      0.49       191

2025-02-01 21:43:08,930 - INFO - Using processed data file: data/processed/processed_data.csv
2025-02-01 21:43:08,952 - INFO - Missing values handled successfully.
2025-02-01 21:43:08,957 - INFO - Feature engineering applied successfully.
2025-02-01 21:43:08,963 - INFO - Data split into training (80%) and testing (20%) sets.
2025-02-01 21:44:32,992 - INFO - Best RandomForest parameters: OrderedDict({'bootstrap': True, 'max_depth': 8, 'min_samples_leaf': 2, 'min_samples_split': 4, 'n_estimators': 61})
2025-02-02 17:06:01,421 - INFO - Using processed data file: data/processed/processed_data.csv
2025-02-02 17:06:01,437 - INFO - Handled missing values & removed duplicates.
2025-02-02 17:06:01,446 - INFO - Feature engineering applied successfully.
2025-02-02 17:06:01,467 - INFO - Data split into training (80%) and testing (20%) sets.
2025-02-02 17:30:28,067 - INFO - Using processed data file: data/processed/processed_data.csv
2025-02-02 17:30:28,077 - INFO - Handled missing values & removed duplicates.
2025-02-02 17:30:28,089 - INFO - Feature engineering applied successfully.
2025-02-02 17:30:28,099 - INFO - Data split into training (80%) and testing (20%) sets.
2025-02-02 17:30:28,117 - INFO - L1 Regularization applied for feature selection.
2025-02-02 17:34:24,628 - INFO - Using processed data file: data/processed/processed_data.csv
2025-02-02 17:34:24,636 - INFO - Handled missing values & removed duplicates.
2025-02-02 17:34:24,643 - INFO - Feature engineering applied successfully.
2025-02-02 17:34:24,655 - INFO - Data split into training (80%) and testing (20%) sets.
2025-02-02 17:34:24,667 - WARNING - No features were selected by Lasso, using all features instead.
2025-02-02 17:34:24,668 - INFO - L1 Regularization applied for feature selection.
2025-02-02 17:37:43,243 - INFO - Using processed data file: data/processed/processed_data.csv
2025-02-02 17:37:43,260 - INFO - Handled missing values & removed duplicates.
2025-02-02 17:37:43,269 - INFO - Feature engineering applied successfully.
2025-02-02 17:37:43,280 - INFO - Data split into training (80%) and testing (20%) sets.
2025-02-02 17:37:43,290 - WARNING - No features were selected by Lasso, using all features instead.
2025-02-02 17:37:43,290 - INFO - L1 Regularization applied for feature selection.
2025-02-02 17:41:16,588 - INFO - Best RandomForest parameters: OrderedDict({'bootstrap': False, 'max_depth': 17, 'min_samples_leaf': 1, 'min_samples_split': 5, 'n_estimators': 300})
2025-02-02 22:36:15,337 - INFO - Using processed data file: data/processed/processed_data.csv
2025-02-02 22:36:15,367 - INFO - Handled missing values & removed duplicates.
2025-02-02 22:36:15,378 - INFO - Feature engineering applied successfully.
2025-02-02 22:36:15,395 - INFO - Data split into training (80%) and testing (20%) sets.
2025-02-02 22:36:15,407 - WARNING - No features were selected by Lasso, using all features instead.
2025-02-02 22:36:15,407 - INFO - L1 Regularization applied for feature selection.
2025-02-02 22:40:51,048 - INFO - Best RandomForest parameters: OrderedDict({'bootstrap': False, 'max_depth': 16, 'min_samples_leaf': 1, 'min_samples_split': 2, 'n_estimators': 300})
2025-02-03 14:23:58,417 - INFO - Using processed data file: data/processed/processed_data.csv
2025-02-03 14:23:58,446 - INFO - Handled missing values & removed duplicates.
2025-02-03 14:23:58,457 - INFO - Feature engineering applied successfully.
2025-02-03 14:23:58,474 - INFO - Data split into training (80%) and testing (20%) sets.
2025-02-03 14:23:58,491 - WARNING - No features were selected by Lasso, using all features instead.
2025-02-03 14:23:58,491 - INFO - L1 Regularization applied for feature selection.
2025-02-03 14:27:43,154 - INFO - Best RandomForest parameters: OrderedDict({'bootstrap': False, 'max_depth': 20, 'min_samples_leaf': 1, 'min_samples_split': 2, 'n_estimators': 300})
2025-02-05 13:52:40,008 - INFO - Using processed data file: data/processed/processed_data.csv
2025-02-05 13:52:40,040 - INFO - Handled missing values & removed duplicates.
2025-02-05 13:52:40,057 - INFO - Feature engineering applied successfully.
2025-02-05 13:52:40,083 - INFO - Data split into training (80%) and testing (20%) sets.
2025-02-05 13:52:40,105 - WARNING - No features were selected by Lasso, using all features instead.
2025-02-05 13:52:40,106 - INFO - L1 Regularization applied for feature selection.
2025-02-05 13:55:48,610 - INFO - Best RandomForest parameters: OrderedDict({'bootstrap': False, 'max_depth': 20, 'min_samples_leaf': 1, 'min_samples_split': 2, 'n_estimators': 222})
2025-02-05 14:07:38,782 - INFO - Using processed data file: data/processed/processed_data.csv
2025-02-05 14:07:38,790 - INFO - Handled missing values & removed duplicates.
2025-02-05 14:07:38,796 - INFO - Feature engineering applied successfully.
2025-02-05 14:07:38,806 - INFO - Data split into training (80%) and testing (20%) sets.
2025-02-05 14:07:38,816 - WARNING - No features were selected by Lasso, using all features instead.
2025-02-05 14:07:38,816 - INFO - L1 Regularization applied for feature selection.
2025-02-05 14:11:04,385 - INFO - Best RandomForest parameters: OrderedDict({'bootstrap': False, 'max_depth': 16, 'min_samples_leaf': 1, 'min_samples_split': 2, 'n_estimators': 300})
2025-02-05 14:32:57,555 - INFO - Using processed data file: data/processed/processed_data.csv
2025-02-05 14:32:57,570 - INFO - Handled missing values & removed duplicates.
2025-02-05 14:32:57,580 - INFO - Feature engineering applied successfully.
2025-02-05 14:32:57,591 - INFO - Data split into training (80%) and testing (20%) sets.
2025-02-05 14:32:57,603 - WARNING - No features were selected by Lasso, using all features instead.
2025-02-05 14:32:57,603 - INFO - L1 Regularization applied for feature selection.
2025-02-05 14:41:36,106 - INFO - Using processed data file: data/processed/processed_data.csv
2025-02-05 14:41:36,114 - INFO - Handled missing values & removed duplicates.
2025-02-05 14:41:36,121 - INFO - Feature engineering applied successfully.
2025-02-05 14:41:36,131 - INFO - Data split into training (80%) and testing (20%) sets.
2025-02-05 14:41:36,141 - WARNING - No features were selected by Lasso, using all features instead.
2025-02-05 14:41:36,141 - INFO - L1 Regularization applied for feature selection.
2025-02-05 14:44:54,334 - INFO - Best RandomForest parameters: OrderedDict({'bootstrap': False, 'max_depth': 20, 'min_samples_leaf': 1, 'min_samples_split': 3, 'n_estimators': 57})
2025-02-05 15:06:20,300 - INFO - Using processed data file: data/processed/processed_data.csv
2025-02-05 15:06:20,309 - INFO - Handled missing values & removed duplicates.
2025-02-05 15:06:20,315 - INFO - Feature engineering applied successfully.
2025-02-05 15:06:20,325 - INFO - Data split into training (80%) and testing (20%) sets.
2025-02-05 15:06:20,334 - WARNING - No features were selected by Lasso, using all features instead.
2025-02-05 15:06:20,334 - INFO - L1 Regularization applied for feature selection.
2025-02-05 15:09:36,691 - INFO - Best RandomForest parameters: OrderedDict({'bootstrap': False, 'max_depth': 20, 'min_samples_leaf': 1, 'min_samples_split': 2, 'n_estimators': 50})
2025-02-06 09:49:24,618 - INFO - Using processed data file: data/processed/processed_data.csv
2025-02-06 09:49:24,644 - INFO - Handled missing values & removed duplicates.
2025-02-06 09:49:24,655 - INFO - Feature engineering applied successfully.
2025-02-06 09:49:24,671 - INFO - Data split into training (80%) and testing (20%) sets.
2025-02-06 09:49:24,681 - WARNING - No features were selected by Lasso, using all features instead.
2025-02-06 09:49:24,682 - INFO - L1 Regularization applied for feature selection.
2025-02-06 09:52:01,091 - INFO - Best RandomForest parameters: OrderedDict({'bootstrap': False, 'max_depth': 20, 'min_samples_leaf': 1, 'min_samples_split': 2, 'n_estimators': 225})
2025-02-06 09:58:47,805 - INFO - Using processed data file: data/processed/processed_data.csv
2025-02-06 09:58:47,811 - INFO - Handled missing values & removed duplicates.
2025-02-06 09:58:47,816 - INFO - Feature engineering applied successfully.
2025-02-06 09:58:47,822 - INFO - Data split into training (80%) and testing (20%) sets.
2025-02-06 09:58:47,829 - WARNING - No features were selected by Lasso, using all features instead.
2025-02-06 09:58:47,829 - INFO - L1 Regularization applied for feature selection.
2025-02-06 10:01:26,878 - INFO - Best RandomForest parameters: OrderedDict({'bootstrap': False, 'max_depth': 20, 'min_samples_leaf': 1, 'min_samples_split': 2, 'n_estimators': 228})
2025-02-06 10:35:11,033 - INFO - Using processed data file: data/processed/processed_data.csv
2025-02-06 10:35:11,077 - INFO - Handled missing values & removed duplicates.
2025-02-06 10:35:11,095 - INFO - Feature engineering applied successfully.
2025-02-06 10:35:11,124 - INFO - Data split into training (80%) and testing (20%) sets.
2025-02-06 10:35:11,149 - WARNING - No features were selected by Lasso, using all features instead.
2025-02-06 10:35:11,150 - INFO - L1 Regularization applied for feature selection.
2025-02-06 10:38:46,493 - INFO - Best RandomForest parameters: OrderedDict({'bootstrap': False, 'max_depth': 20, 'min_samples_leaf': 1, 'min_samples_split': 2, 'n_estimators': 50})
2025-02-06 10:56:11,014 - INFO - Using processed data file: data/processed/processed_data.csv
2025-02-06 10:56:11,022 - INFO - Handled missing values & removed duplicates.
2025-02-06 10:56:11,033 - INFO - Feature engineering applied successfully.
2025-02-06 10:56:11,045 - INFO - Data split into training (80%) and testing (20%) sets.
2025-02-06 10:56:11,065 - WARNING - No features were selected by Lasso, using all features instead.
2025-02-06 10:56:11,065 - INFO - L1 Regularization applied for feature selection.
2025-02-06 10:59:24,076 - INFO - Best RandomForest parameters: OrderedDict({'bootstrap': False, 'max_depth': 20, 'min_samples_leaf': 1, 'min_samples_split': 2, 'n_estimators': 125})
2025-02-06 11:01:28,662 - INFO - Using processed data file: data/processed/processed_data.csv
2025-02-06 11:01:28,670 - INFO - Handled missing values & removed duplicates.
2025-02-06 11:01:28,676 - INFO - Feature engineering applied successfully.
2025-02-06 11:01:28,684 - INFO - Data split into training (80%) and testing (20%) sets.
2025-02-06 11:01:28,692 - WARNING - No features were selected by Lasso, using all features instead.
2025-02-06 11:01:28,692 - INFO - L1 Regularization applied for feature selection.
2025-02-06 11:04:15,135 - INFO - Best RandomForest parameters: OrderedDict({'bootstrap': False, 'max_depth': 16, 'min_samples_leaf': 1, 'min_samples_split': 2, 'n_estimators': 300})
2025-02-06 12:57:16,572 - INFO - Using processed data file: data/processed/processed_data.csv
2025-02-06 12:57:16,603 - INFO - Handled missing values & removed duplicates.
2025-02-06 12:57:16,618 - INFO - Feature engineering applied successfully.
2025-02-06 12:57:16,629 - INFO - Data split into training (80%) and testing (20%) sets.
2025-02-06 12:57:16,640 - WARNING - No features were selected by Lasso, using all features instead.
2025-02-06 12:57:16,641 - INFO - L1 Regularization applied for feature selection.
2025-02-06 13:01:11,936 - INFO - Best RandomForest parameters: OrderedDict({'bootstrap': False, 'max_depth': 20, 'min_samples_leaf': 1, 'min_samples_split': 2, 'n_estimators': 127})
2025-02-06 13:12:46,813 - INFO - Using processed data file: data/processed/processed_data.csv
2025-02-06 13:12:46,849 - INFO - Handled missing values & removed duplicates.
2025-02-06 13:12:46,870 - INFO - Feature engineering applied successfully.
2025-02-06 13:12:46,899 - INFO - Data split into training (80%) and testing (20%) sets.
2025-02-06 13:12:46,921 - WARNING - No features were selected by Lasso, using all features instead.
2025-02-06 13:12:46,922 - INFO - L1 Regularization applied for feature selection.
2025-02-06 13:17:12,497 - INFO - Best RandomForest parameters: OrderedDict({'bootstrap': False, 'max_depth': 15, 'min_samples_leaf': 1, 'min_samples_split': 2, 'n_estimators': 300})
2025-02-06 13:21:35,939 - INFO - Using processed data file: data/processed/processed_data.csv
2025-02-06 13:21:35,961 - INFO - Handled missing values & removed duplicates.
2025-02-06 13:21:35,974 - INFO - Feature engineering applied successfully.
2025-02-06 13:21:35,992 - INFO - Data split into training (80%) and testing (20%) sets.
2025-02-06 13:21:36,007 - WARNING - No features were selected by Lasso, using all features instead.
2025-02-06 13:21:36,008 - INFO - L1 Regularization applied for feature selection.
2025-02-06 13:26:23,721 - INFO - Best RandomForest parameters: OrderedDict({'bootstrap': False, 'max_depth': 20, 'min_samples_leaf': 1, 'min_samples_split': 2, 'n_estimators': 233})
2025-02-06 13:44:55,696 - INFO - Using processed data file: data/processed/processed_data.csv
2025-02-06 13:44:55,728 - INFO - Handled missing values & removed duplicates.
2025-02-06 13:44:55,740 - INFO - Feature engineering applied successfully.
2025-02-06 13:44:55,758 - INFO - Data split into training (80%) and testing (20%) sets.
2025-02-06 13:44:55,774 - WARNING - No features were selected by Lasso, using all features instead.
2025-02-06 13:44:55,774 - INFO - L1 Regularization applied for feature selection.
2025-02-06 13:47:51,780 - INFO - Best RandomForest parameters: OrderedDict({'bootstrap': False, 'max_depth': 20, 'min_samples_leaf': 1, 'min_samples_split': 2, 'n_estimators': 179})
2025-02-06 13:53:47,409 - INFO - Using processed data file: data/processed/processed_data.csv
2025-02-06 13:53:47,417 - INFO - Handled missing values & removed duplicates.
2025-02-06 13:53:47,424 - INFO - Feature engineering applied successfully.
2025-02-06 13:53:47,435 - INFO - Data split into training (80%) and testing (20%) sets.
2025-02-06 13:53:47,445 - WARNING - No features were selected by Lasso, using all features instead.
2025-02-06 13:53:47,445 - INFO - L1 Regularization applied for feature selection.
2025-02-06 13:57:14,643 - INFO - Best RandomForest parameters: OrderedDict({'bootstrap': False, 'max_depth': 20, 'min_samples_leaf': 1, 'min_samples_split': 2, 'n_estimators': 115})
2025-02-06 14:03:11,059 - INFO - Using processed data file: data/processed/processed_data.csv
2025-02-06 14:03:11,066 - INFO - Handled missing values & removed duplicates.
2025-02-06 14:03:11,073 - INFO - Feature engineering applied successfully.
2025-02-06 14:03:11,082 - INFO - Data split into training (80%) and testing (20%) sets.
2025-02-06 14:03:11,092 - WARNING - No features were selected by Lasso, using all features instead.
2025-02-06 14:03:11,092 - INFO - L1 Regularization applied for feature selection.
2025-02-06 14:06:34,327 - INFO - Best RandomForest parameters: OrderedDict({'bootstrap': False, 'max_depth': 20, 'min_samples_leaf': 1, 'min_samples_split': 2, 'n_estimators': 260})
